\BOOKMARK [1][-]{section.1}{Introduction}{}% 1
\BOOKMARK [1][-]{section.2}{Motivation}{}% 2
\BOOKMARK [1][-]{section.3}{Literature Survey}{}% 3
\BOOKMARK [2][-]{subsection.3.1}{Parallelization of the A* Algorithm}{section.3}% 4
\BOOKMARK [2][-]{subsection.3.2}{Other Parallel Path Finding Algorithms}{section.3}% 5
\BOOKMARK [1][-]{section.4}{Methodology}{}% 6
\BOOKMARK [2][-]{subsection.4.1}{Maps}{section.4}% 7
\BOOKMARK [2][-]{subsection.4.2}{A*}{section.4}% 8
\BOOKMARK [3][-]{subsubsection.4.2.1}{Batch}{subsection.4.2}% 9
\BOOKMARK [3][-]{subsubsection.4.2.2}{Batch Parallel}{subsection.4.2}% 10
\BOOKMARK [3][-]{subsubsection.4.2.3}{MPI}{subsection.4.2}% 11
\BOOKMARK [2][-]{subsection.4.3}{Fringe Search}{section.4}% 12
\BOOKMARK [1][-]{section.5}{Results}{}% 13
\BOOKMARK [2][-]{subsection.5.1}{A*}{section.5}% 14
\BOOKMARK [3][-]{subsubsection.5.1.1}{Serial}{subsection.5.1}% 15
\BOOKMARK [3][-]{subsubsection.5.1.2}{Batch}{subsection.5.1}% 16
\BOOKMARK [3][-]{subsubsection.5.1.3}{Batch Parallel}{subsection.5.1}% 17
\BOOKMARK [2][-]{subsection.5.2}{Fringe Search}{section.5}% 18
\BOOKMARK [1][-]{section.6}{Conclusion}{}% 19
\BOOKMARK [1][-]{section.6}{References}{}% 20
\BOOKMARK [1][-]{section.6}{Appendices}{}% 21
\BOOKMARK [1][-]{appendix.A}{Maps}{}% 22
